
 [2017-03-02 15:37:16] URI: messages/interact
 [2017-03-02 15:37:16] URI: account/editPwd
 [2017-03-02 15:37:16] Post Data: Array
(
    [terminalNo] => 1
    [token] => Z4FSCeuxOnEq9lUe1vVNn8jFEp7jaz0T6RWZCJopOVnzpIpad4DbcIfIFcrfSrzN
    [language] => ZH
    [oldpassword] => 123456
    [password] => 123456
    [password_re] => 12345611
)

 [2017-03-02 15:37:16] Post Data: Array
(
    [token] => y1JBu8TDsMZ3Cy4Bz4l7ro4p8KclDcQ2TZ3DWMGFZf9bU2cKvEGdt0IqJlSMEiEY
)

 [2017-03-02 15:37:26] URI: messages/interact
 [2017-03-02 15:37:26] Post Data: Array
(
    [token] => y1JBu8TDsMZ3Cy4Bz4l7ro4p8KclDcQ2TZ3DWMGFZf9bU2cKvEGdt0IqJlSMEiEY
)

 [2017-03-02 15:37:26] URI: product/details
 [2017-03-02 15:37:26] Post Data: Array
(
    [terminalNo] => 1
    [language] => ZH
    [token] => HjtP1FiDgZsw2O3SyCw2axjNYwDihyqGh78meAJ5t6v9xExz2orRcRf1EiZlWGs5
    [id] => 40
)

 [2017-03-02 15:37:26] URI: account/editPwd
 [2017-03-02 15:37:26] Post Data: Array
(
    [terminalNo] => 1
    [token] => Z4FSCeuxOnEq9lUe1vVNn8jFEp7jaz0T6RWZCJopOVnzpIpad4DbcIfIFcrfSrzN
    [language] => ZH
    [oldpassword] => 123456
    [password] => 123456
    [password_re] => 12345611
)

 [2017-03-02 15:39:06] URI: product/details
 [2017-03-02 15:39:06] Post Data: Array
(
    [terminalNo] => 1
    [language] => ZH
    [token] => HjtP1FiDgZsw2O3SyCw2axjNYwDihyqGh78meAJ5t6v9xExz2orRcRf1EiZlWGs5
    [id] => 40
)

 [2017-03-02 15:39:07] URI: messages/interact
 [2017-03-02 15:39:07] Post Data: Array
(
    [token] => y1JBu8TDsMZ3Cy4Bz4l7ro4p8KclDcQ2TZ3DWMGFZf9bU2cKvEGdt0IqJlSMEiEY
)

 [2017-03-02 15:39:07] URI: account/editPwd
 [2017-03-02 15:39:07] Post Data: Array
(
    [terminalNo] => 1
    [token] => Z4FSCeuxOnEq9lUe1vVNn8jFEp7jaz0T6RWZCJopOVnzpIpad4DbcIfIFcrfSrzN
    [language] => ZH
    [oldpassword] => 123456
    [password] => 123456
    [password_re] => 12345611
)

 [2017-03-02 15:39:15] URI: product/details
 [2017-03-02 15:39:15] Post Data: Array
(
    [terminalNo] => 1
    [language] => ZH
    [token] => HjtP1FiDgZsw2O3SyCw2axjNYwDihyqGh78meAJ5t6v9xExz2orRcRf1EiZlWGs5
    [id] => 40
)

 [2017-03-02 15:39:15] URI: messages/interact
 [2017-03-02 15:39:15] Post Data: Array
(
    [token] => y1JBu8TDsMZ3Cy4Bz4l7ro4p8KclDcQ2TZ3DWMGFZf9bU2cKvEGdt0IqJlSMEiEY
)

 [2017-03-02 15:48:54] URI: product/details
 [2017-03-02 15:48:54] Post Data: Array
(
    [terminalNo] => 1
    [language] => ZH
    [token] => HjtP1FiDgZsw2O3SyCw2axjNYwDihyqGh78meAJ5t6v9xExz2orRcRf1EiZlWGs5
    [id] => 40
)

 [2017-03-02 15:48:54] URI: messages/interact
 [2017-03-02 15:48:54] Post Data: Array
(
    [token] => y1JBu8TDsMZ3Cy4Bz4l7ro4p8KclDcQ2TZ3DWMGFZf9bU2cKvEGdt0IqJlSMEiEY
)

 [2017-03-02 15:49:14] URI: product/details
 [2017-03-02 15:49:14] Post Data: Array
(
    [terminalNo] => 1
    [language] => ZH
    [token] => HjtP1FiDgZsw2O3SyCw2axjNYwDihyqGh78meAJ5t6v9xExz2orRcRf1EiZlWGs5
    [id] => 40
)

 [2017-03-02 15:49:14] URI: messages/interact
 [2017-03-02 15:49:14] Post Data: Array
(
    [token] => y1JBu8TDsMZ3Cy4Bz4l7ro4p8KclDcQ2TZ3DWMGFZf9bU2cKvEGdt0IqJlSMEiEY
)

 [2017-03-02 15:51:53] URI: product/details
 [2017-03-02 15:51:53] Post Data: Array
(
    [terminalNo] => 1
    [language] => ZH
    [token] => HjtP1FiDgZsw2O3SyCw2axjNYwDihyqGh78meAJ5t6v9xExz2orRcRf1EiZlWGs5
    [id] => 40
)

 [2017-03-02 15:51:53] URI: messages/interact
 [2017-03-02 15:51:53] Post Data: Array
(
    [token] => y1JBu8TDsMZ3Cy4Bz4l7ro4p8KclDcQ2TZ3DWMGFZf9bU2cKvEGdt0IqJlSMEiEY
)

 [2017-03-02 16:44:45] URI: product/details
 [2017-03-02 16:44:45] URI: messages/interact
 [2017-03-02 16:44:45] Post Data: Array
(
    [terminalNo] => 1
    [language] => ZH
    [token] => HjtP1FiDgZsw2O3SyCw2axjNYwDihyqGh78meAJ5t6v9xExz2orRcRf1EiZlWGs5
    [id] => 42
)

 [2017-03-02 16:44:45] Post Data: Array
(
    [token] => y1JBu8TDsMZ3Cy4Bz4l7ro4p8KclDcQ2TZ3DWMGFZf9bU2cKvEGdt0IqJlSMEiEY
)

 [2017-03-02 16:45:13] URI: product/details
 [2017-03-02 16:45:13] Post Data: Array
(
    [terminalNo] => 1
    [language] => ZH
    [token] => HjtP1FiDgZsw2O3SyCw2axjNYwDihyqGh78meAJ5t6v9xExz2orRcRf1EiZlWGs5
    [id] => 42
)

 [2017-03-02 16:45:13] URI: messages/interact
 [2017-03-02 16:45:13] Post Data: Array
(
    [token] => y1JBu8TDsMZ3Cy4Bz4l7ro4p8KclDcQ2TZ3DWMGFZf9bU2cKvEGdt0IqJlSMEiEY
)
