
 [2017-02-03 09:53:59] URI: account/edit
 [2017-02-03 09:53:59] URI: messages/interact
 [2017-02-03 09:53:59] Post Data: Array
(
    [token] => y1JBu8TDsMZ3Cy4Bz4l7ro4p8KclDcQ2TZ3DWMGFZf9bU2cKvEGdt0IqJlSMEiEY
)

 [2017-02-03 09:53:59] Post Data: Array
(
    [nickname] => 123
    [photo] => 295
    [token] => HjtP1FiDgZsw2O3SyCw2axjNYwDihyqGh78meAJ5t6v9xExz2orRcRf1EiZlWGs5
)

 [2017-02-03 09:58:05] URI: messages/interact
 [2017-02-03 09:58:05] Post Data: Array
(
    [token] => y1JBu8TDsMZ3Cy4Bz4l7ro4p8KclDcQ2TZ3DWMGFZf9bU2cKvEGdt0IqJlSMEiEY
)

 [2017-02-03 09:58:05] URI: login/index
 [2017-02-03 09:58:05] Post Data: Array
(
    [phone] => 18100000003
    [pwd] => 123123
)

 [2017-02-03 09:59:16] URI: login/index
 [2017-02-03 09:59:16] Post Data: Array
(
    [phone] => 18100000001
    [pwd] => 123123
)

 [2017-02-03 09:59:16] URI: messages/interact
 [2017-02-03 09:59:16] Post Data: Array
(
    [token] => y1JBu8TDsMZ3Cy4Bz4l7ro4p8KclDcQ2TZ3DWMGFZf9bU2cKvEGdt0IqJlSMEiEY
)

 [2017-02-03 10:01:12] URI: login/index
 [2017-02-03 10:01:12] Post Data: Array
(
    [phone] => 18100000001
    [pwd] => 123123
)

 [2017-02-03 10:01:12] URI: messages/interact
 [2017-02-03 10:01:12] Post Data: Array
(
    [token] => y1JBu8TDsMZ3Cy4Bz4l7ro4p8KclDcQ2TZ3DWMGFZf9bU2cKvEGdt0IqJlSMEiEY
)

 [2017-02-03 10:05:54] URI: login/index
 [2017-02-03 10:05:54] Post Data: Array
(
    [phone] => 18100000001
    [pwd] => 123123
)

 [2017-02-03 10:05:54] URI: messages/interact
 [2017-02-03 10:05:54] Post Data: Array
(
    [token] => y1JBu8TDsMZ3Cy4Bz4l7ro4p8KclDcQ2TZ3DWMGFZf9bU2cKvEGdt0IqJlSMEiEY
)

 [2017-02-03 11:57:00] URI: login/index
 [2017-02-03 11:57:00] Post Data: Array
(
    [phone] => 1810000000
    [pwd] => 123123
)

 [2017-02-03 11:57:00] URI: messages/interact
 [2017-02-03 11:57:00] Post Data: Array
(
    [token] => y1JBu8TDsMZ3Cy4Bz4l7ro4p8KclDcQ2TZ3DWMGFZf9bU2cKvEGdt0IqJlSMEiEY
)

 [2017-02-03 13:46:39] URI: login/index
 [2017-02-03 13:46:39] Post Data: Array
(
    [phone] => 1810000000
    [pwd] => 123123
)

 [2017-02-03 13:46:39] URI: messages/interact
 [2017-02-03 13:46:39] Post Data: Array
(
    [token] => y1JBu8TDsMZ3Cy4Bz4l7ro4p8KclDcQ2TZ3DWMGFZf9bU2cKvEGdt0IqJlSMEiEY
)

 [2017-02-03 13:47:43] URI: login/index
 [2017-02-03 13:47:43] Post Data: Array
(
    [phone] => 1810000000
    [pwd] => 123123
)

 [2017-02-03 13:47:44] URI: messages/interact
 [2017-02-03 13:47:44] Post Data: Array
(
    [token] => y1JBu8TDsMZ3Cy4Bz4l7ro4p8KclDcQ2TZ3DWMGFZf9bU2cKvEGdt0IqJlSMEiEY
)

 [2017-02-03 13:49:37] URI: login/index
 [2017-02-03 13:49:37] Post Data: Array
(
    [phone] => 1810000000
    [pwd] => 123123
)

 [2017-02-03 13:49:37] URI: messages/interact
 [2017-02-03 13:49:37] Post Data: Array
(
    [token] => y1JBu8TDsMZ3Cy4Bz4l7ro4p8KclDcQ2TZ3DWMGFZf9bU2cKvEGdt0IqJlSMEiEY
)

 [2017-02-03 13:55:38] URI: login/index
 [2017-02-03 13:55:38] Post Data: Array
(
    [phone] => 1810000000
    [pwd] => 123123
)

 [2017-02-03 13:55:38] URI: messages/interact
 [2017-02-03 13:55:38] Post Data: Array
(
    [token] => y1JBu8TDsMZ3Cy4Bz4l7ro4p8KclDcQ2TZ3DWMGFZf9bU2cKvEGdt0IqJlSMEiEY
)

 [2017-02-03 13:56:13] URI: login/index
 [2017-02-03 13:56:13] Post Data: Array
(
    [phone] => 1810000000
    [pwd] => 123123
)

 [2017-02-03 13:56:13] URI: messages/interact
 [2017-02-03 13:56:13] Post Data: Array
(
    [token] => y1JBu8TDsMZ3Cy4Bz4l7ro4p8KclDcQ2TZ3DWMGFZf9bU2cKvEGdt0IqJlSMEiEY
)

 [2017-02-03 13:56:51] URI: login/index
 [2017-02-03 13:56:51] Post Data: Array
(
    [phone] => 1810000000
    [pwd] => 123123
)

 [2017-02-03 13:56:51] URI: messages/interact
 [2017-02-03 13:56:51] Post Data: Array
(
    [token] => y1JBu8TDsMZ3Cy4Bz4l7ro4p8KclDcQ2TZ3DWMGFZf9bU2cKvEGdt0IqJlSMEiEY
)

 [2017-02-03 14:03:24] URI: login/index
 [2017-02-03 14:03:24] Post Data: Array
(
    [phone] => 1810000000
    [pwd] => 123123
    [language] => ZH
)

 [2017-02-03 14:03:24] URI: messages/interact
 [2017-02-03 14:03:24] Post Data: Array
(
    [token] => y1JBu8TDsMZ3Cy4Bz4l7ro4p8KclDcQ2TZ3DWMGFZf9bU2cKvEGdt0IqJlSMEiEY
)

 [2017-02-03 14:04:17] URI: login/index
 [2017-02-03 14:04:17] Post Data: Array
(
    [phone] => 1810000000
    [pwd] => 123123
    [language] => ZH
)

 [2017-02-03 14:04:17] URI: messages/interact
 [2017-02-03 14:04:17] Post Data: Array
(
    [token] => y1JBu8TDsMZ3Cy4Bz4l7ro4p8KclDcQ2TZ3DWMGFZf9bU2cKvEGdt0IqJlSMEiEY
)

 [2017-02-03 14:05:32] URI: login/index
 [2017-02-03 14:05:32] Post Data: Array
(
    [phone] => 1810000000
    [pwd] => 123123
    [language] => ZH
)

 [2017-02-03 14:05:32] URI: messages/interact
 [2017-02-03 14:05:32] Post Data: Array
(
    [token] => y1JBu8TDsMZ3Cy4Bz4l7ro4p8KclDcQ2TZ3DWMGFZf9bU2cKvEGdt0IqJlSMEiEY
)
