
 [2017-02-15 10:17:50] URI: account/check_opinion
 [2017-02-15 10:17:50] URI: messages/interact
 [2017-02-15 10:17:50] Post Data: Array
(
    [token] => dqlfs46mo9ZlYKFZIvXboSeg5XI0XFirDBcAWQDtTaFOVluVbWvZDzWRLjPTQroT
    [terminalNo] => 2
    [language] => ZH
    [type] => 1
    [cid] => 23
    [id] => 30
)

 [2017-02-15 10:17:50] Post Data: Array
(
    [token] => y1JBu8TDsMZ3Cy4Bz4l7ro4p8KclDcQ2TZ3DWMGFZf9bU2cKvEGdt0IqJlSMEiEY
)

 [2017-02-15 10:18:22] URI: account/check_opinion
 [2017-02-15 10:18:22] Post Data: Array
(
    [token] => Z4FSCeuxOnEq9lUe1vVNn8jFEp7jaz0T6RWZCJopOVnzpIpad4DbcIfIFcrfSrzN
    [terminalNo] => 2
    [language] => ZH
    [type] => 1
    [cid] => 23
    [id] => 30
)

 [2017-02-15 10:18:22] URI: messages/interact
 [2017-02-15 10:18:22] Post Data: Array
(
    [token] => y1JBu8TDsMZ3Cy4Bz4l7ro4p8KclDcQ2TZ3DWMGFZf9bU2cKvEGdt0IqJlSMEiEY
)

 [2017-02-15 10:18:53] URI: collection/create
 [2017-02-15 10:18:53] Post Data: Array
(
    [token] => Z4FSCeuxOnEq9lUe1vVNn8jFEp7jaz0T6RWZCJopOVnzpIpad4DbcIfIFcrfSrzN
    [terminalNo] => 2
    [language] => ZH
    [type] => 1
    [cid] => 23
    [id] => 30
)

 [2017-02-15 10:18:53] URI: messages/interact
 [2017-02-15 10:18:53] Post Data: Array
(
    [token] => y1JBu8TDsMZ3Cy4Bz4l7ro4p8KclDcQ2TZ3DWMGFZf9bU2cKvEGdt0IqJlSMEiEY
)

 [2017-02-15 10:22:15] URI: messages/interact
 [2017-02-15 10:22:15] Post Data: Array
(
    [token] => y1JBu8TDsMZ3Cy4Bz4l7ro4p8KclDcQ2TZ3DWMGFZf9bU2cKvEGdt0IqJlSMEiEY
)

 [2017-02-15 10:23:59] URI: collection/clist
 [2017-02-15 10:23:59] Post Data: Array
(
    [token] => Z4FSCeuxOnEq9lUe1vVNn8jFEp7jaz0T6RWZCJopOVnzpIpad4DbcIfIFcrfSrzN
    [terminalNo] => 2
    [language] => ZH
)

 [2017-02-15 10:23:59] URI: messages/interact
 [2017-02-15 10:23:59] Post Data: Array
(
    [token] => y1JBu8TDsMZ3Cy4Bz4l7ro4p8KclDcQ2TZ3DWMGFZf9bU2cKvEGdt0IqJlSMEiEY
)

 [2017-02-15 10:24:30] URI: collection/clist
 [2017-02-15 10:24:30] Post Data: Array
(
    [token] => Z4FSCeuxOnEq9lUe1vVNn8jFEp7jaz0T6RWZCJopOVnzpIpad4DbcIfIFcrfSrzN
    [terminalNo] => 2
    [language] => ZH
    [type] => 1
)

 [2017-02-15 10:24:30] URI: messages/interact
 [2017-02-15 10:24:30] Post Data: Array
(
    [token] => y1JBu8TDsMZ3Cy4Bz4l7ro4p8KclDcQ2TZ3DWMGFZf9bU2cKvEGdt0IqJlSMEiEY
)

 [2017-02-15 10:24:50] URI: collection/clist
 [2017-02-15 10:24:50] Post Data: Array
(
    [token] => Z4FSCeuxOnEq9lUe1vVNn8jFEp7jaz0T6RWZCJopOVnzpIpad4DbcIfIFcrfSrzN
    [terminalNo] => 2
    [language] => ZH
    [type] => 1
)

 [2017-02-15 10:24:50] URI: messages/interact
 [2017-02-15 10:24:50] Post Data: Array
(
    [token] => y1JBu8TDsMZ3Cy4Bz4l7ro4p8KclDcQ2TZ3DWMGFZf9bU2cKvEGdt0IqJlSMEiEY
)

 [2017-02-15 10:27:15] URI: collection/clist
 [2017-02-15 10:27:15] Post Data: Array
(
    [token] => Z4FSCeuxOnEq9lUe1vVNn8jFEp7jaz0T6RWZCJopOVnzpIpad4DbcIfIFcrfSrzN
    [terminalNo] => 2
    [language] => ZH
    [type] => 1
)

 [2017-02-15 10:27:15] URI: messages/interact
 [2017-02-15 10:27:15] Post Data: Array
(
    [token] => y1JBu8TDsMZ3Cy4Bz4l7ro4p8KclDcQ2TZ3DWMGFZf9bU2cKvEGdt0IqJlSMEiEY
)

 [2017-02-15 10:28:03] URI: collection/clist
 [2017-02-15 10:28:03] Post Data: Array
(
    [token] => Z4FSCeuxOnEq9lUe1vVNn8jFEp7jaz0T6RWZCJopOVnzpIpad4DbcIfIFcrfSrzN
    [terminalNo] => 2
    [language] => ZH
    [type] => 1
)

 [2017-02-15 10:28:03] URI: messages/interact
 [2017-02-15 10:28:03] Post Data: Array
(
    [token] => y1JBu8TDsMZ3Cy4Bz4l7ro4p8KclDcQ2TZ3DWMGFZf9bU2cKvEGdt0IqJlSMEiEY
)

 [2017-02-15 10:30:01] URI: messages/interact
 [2017-02-15 10:30:01] Post Data: Array
(
    [token] => y1JBu8TDsMZ3Cy4Bz4l7ro4p8KclDcQ2TZ3DWMGFZf9bU2cKvEGdt0IqJlSMEiEY
)

 [2017-02-15 10:30:01] URI: collection/clist
 [2017-02-15 10:30:01] Post Data: Array
(
    [token] => Z4FSCeuxOnEq9lUe1vVNn8jFEp7jaz0T6RWZCJopOVnzpIpad4DbcIfIFcrfSrzN
    [terminalNo] => 2
    [language] => ZH
    [type] => 1
)

 [2017-02-15 10:39:05] URI: collection/clist
 [2017-02-15 10:39:05] Post Data: Array
(
    [token] => Z4FSCeuxOnEq9lUe1vVNn8jFEp7jaz0T6RWZCJopOVnzpIpad4DbcIfIFcrfSrzN
    [terminalNo] => 2
    [language] => ZH
    [type] => 1
)

 [2017-02-15 10:39:05] URI: messages/interact
 [2017-02-15 10:39:05] Post Data: Array
(
    [token] => y1JBu8TDsMZ3Cy4Bz4l7ro4p8KclDcQ2TZ3DWMGFZf9bU2cKvEGdt0IqJlSMEiEY
)

 [2017-02-15 10:41:38] URI: collection/clist
 [2017-02-15 10:41:38] Post Data: Array
(
    [token] => Z4FSCeuxOnEq9lUe1vVNn8jFEp7jaz0T6RWZCJopOVnzpIpad4DbcIfIFcrfSrzN
    [terminalNo] => 2
    [language] => ZH
    [type] => 1
)

 [2017-02-15 10:41:38] URI: messages/interact
 [2017-02-15 10:41:38] Post Data: Array
(
    [token] => y1JBu8TDsMZ3Cy4Bz4l7ro4p8KclDcQ2TZ3DWMGFZf9bU2cKvEGdt0IqJlSMEiEY
)

 [2017-02-15 10:44:21] URI: collection/clist
 [2017-02-15 10:44:21] Post Data: Array
(
    [token] => Z4FSCeuxOnEq9lUe1vVNn8jFEp7jaz0T6RWZCJopOVnzpIpad4DbcIfIFcrfSrzN
    [terminalNo] => 2
    [language] => ZH
    [type] => 1
)

 [2017-02-15 10:44:21] URI: messages/interact
 [2017-02-15 10:44:21] Post Data: Array
(
    [token] => y1JBu8TDsMZ3Cy4Bz4l7ro4p8KclDcQ2TZ3DWMGFZf9bU2cKvEGdt0IqJlSMEiEY
)
