
 [2017-02-08 09:15:45] URI: messages/interact
 [2017-02-08 09:15:45] URI: login/index
 [2017-02-08 09:15:45] Post Data: Array
(
    [token] => y1JBu8TDsMZ3Cy4Bz4l7ro4p8KclDcQ2TZ3DWMGFZf9bU2cKvEGdt0IqJlSMEiEY
)

 [2017-02-08 09:15:45] Post Data: Array
(
    [phone] => 18100000001
    [pwd] => 123123
    [language] => EN
)

 [2017-02-08 09:17:00] URI: login/index
 [2017-02-08 09:17:00] Post Data: Array
(
    [phone] => 18100000001
    [pwd] => 123123
    [language] => EN
)

 [2017-02-08 09:17:00] URI: messages/interact
 [2017-02-08 09:17:00] Post Data: Array
(
    [token] => y1JBu8TDsMZ3Cy4Bz4l7ro4p8KclDcQ2TZ3DWMGFZf9bU2cKvEGdt0IqJlSMEiEY
)

 [2017-02-08 09:17:10] URI: product/plist
 [2017-02-08 09:17:10] Post Data: Array
(
    [terminalNo] => 1
)

 [2017-02-08 09:17:10] URI: messages/interact
 [2017-02-08 09:17:10] Post Data: Array
(
    [token] => y1JBu8TDsMZ3Cy4Bz4l7ro4p8KclDcQ2TZ3DWMGFZf9bU2cKvEGdt0IqJlSMEiEY
)

 [2017-02-08 09:29:34] URI: product/plist
 [2017-02-08 09:29:34] Post Data: Array
(
    [terminalNo] => 1
)

 [2017-02-08 09:29:34] URI: messages/interact
 [2017-02-08 09:29:34] Post Data: Array
(
    [token] => y1JBu8TDsMZ3Cy4Bz4l7ro4p8KclDcQ2TZ3DWMGFZf9bU2cKvEGdt0IqJlSMEiEY
)

 [2017-02-08 09:30:12] URI: product/plist
 [2017-02-08 09:30:12] Post Data: Array
(
    [terminalNo] => 1
)

 [2017-02-08 09:30:12] URI: messages/interact
 [2017-02-08 09:30:12] Post Data: Array
(
    [token] => y1JBu8TDsMZ3Cy4Bz4l7ro4p8KclDcQ2TZ3DWMGFZf9bU2cKvEGdt0IqJlSMEiEY
)

 [2017-02-08 09:35:49] URI: product/plist
 [2017-02-08 09:35:49] Post Data: Array
(
    [terminalNo] => 1
)

 [2017-02-08 09:35:49] URI: messages/interact
 [2017-02-08 09:35:49] Post Data: Array
(
    [token] => y1JBu8TDsMZ3Cy4Bz4l7ro4p8KclDcQ2TZ3DWMGFZf9bU2cKvEGdt0IqJlSMEiEY
)

 [2017-02-08 09:36:27] URI: product/plist
 [2017-02-08 09:36:27] Post Data: Array
(
    [terminalNo] => 1
)

 [2017-02-08 09:36:27] URI: messages/interact
 [2017-02-08 09:36:27] Post Data: Array
(
    [token] => y1JBu8TDsMZ3Cy4Bz4l7ro4p8KclDcQ2TZ3DWMGFZf9bU2cKvEGdt0IqJlSMEiEY
)

 [2017-02-08 09:53:33] URI: messages/interact
 [2017-02-08 09:53:33] Post Data: Array
(
    [token] => y1JBu8TDsMZ3Cy4Bz4l7ro4p8KclDcQ2TZ3DWMGFZf9bU2cKvEGdt0IqJlSMEiEY
)

 [2017-02-08 09:53:33] URI: product/plist
 [2017-02-08 09:53:33] Post Data: Array
(
    [terminalNo] => 1
    [language] => ZH
)

 [2017-02-08 09:55:19] URI: product/plist
 [2017-02-08 09:55:19] Post Data: Array
(
    [terminalNo] => 1
    [language] => ZH
)

 [2017-02-08 09:55:19] URI: messages/interact
 [2017-02-08 09:55:19] Post Data: Array
(
    [token] => y1JBu8TDsMZ3Cy4Bz4l7ro4p8KclDcQ2TZ3DWMGFZf9bU2cKvEGdt0IqJlSMEiEY
)

 [2017-02-08 09:56:15] URI: messages/interact
 [2017-02-08 09:56:15] Post Data: Array
(
    [token] => y1JBu8TDsMZ3Cy4Bz4l7ro4p8KclDcQ2TZ3DWMGFZf9bU2cKvEGdt0IqJlSMEiEY
)

 [2017-02-08 09:56:15] URI: product/plist
 [2017-02-08 09:56:15] Post Data: Array
(
    [terminalNo] => 1
    [language] => ZH
)

 [2017-02-08 09:59:29] URI: product/plist
 [2017-02-08 09:59:29] Post Data: Array
(
    [terminalNo] => 1
    [language] => ZH
    [token] => HjtP1FiDgZsw2O3SyCw2axjNYwDihyqGh78meAJ5t6v9xExz2orRcRf1EiZlWGs5
)

 [2017-02-08 09:59:29] URI: messages/interact
 [2017-02-08 09:59:29] Post Data: Array
(
    [token] => y1JBu8TDsMZ3Cy4Bz4l7ro4p8KclDcQ2TZ3DWMGFZf9bU2cKvEGdt0IqJlSMEiEY
)

 [2017-02-08 10:00:05] URI: messages/interact
 [2017-02-08 10:00:05] Post Data: Array
(
    [token] => y1JBu8TDsMZ3Cy4Bz4l7ro4p8KclDcQ2TZ3DWMGFZf9bU2cKvEGdt0IqJlSMEiEY
)

 [2017-02-08 10:03:55] URI: product/plist
 [2017-02-08 10:03:55] Post Data: Array
(
    [terminalNo] => 1
    [language] => ZH
    [token] => HjtP1FiDgZsw2O3SyCw2axjNYwDihyqGh78meAJ5t6v9xExz2orRcRf1EiZlWGs5
)

 [2017-02-08 10:03:55] URI: messages/interact
 [2017-02-08 10:03:55] Post Data: Array
(
    [token] => y1JBu8TDsMZ3Cy4Bz4l7ro4p8KclDcQ2TZ3DWMGFZf9bU2cKvEGdt0IqJlSMEiEY
)

 [2017-02-08 10:07:30] URI: product/plist
 [2017-02-08 10:07:30] Post Data: Array
(
    [terminalNo] => 1
    [language] => ZH
    [token] => HjtP1FiDgZsw2O3SyCw2axjNYwDihyqGh78meAJ5t6v9xExz2orRcRf1EiZlWGs5
)

 [2017-02-08 10:07:30] URI: messages/interact
 [2017-02-08 10:07:30] Post Data: Array
(
    [token] => y1JBu8TDsMZ3Cy4Bz4l7ro4p8KclDcQ2TZ3DWMGFZf9bU2cKvEGdt0IqJlSMEiEY
)

 [2017-02-08 10:07:52] URI: product/plist
 [2017-02-08 10:07:52] Post Data: Array
(
    [terminalNo] => 1
    [language] => ZH
    [token] => HjtP1FiDgZsw2O3SyCw2axjNYwDihyqGh78meAJ5t6v9xExz2orRcRf1EiZlWGs5
)

 [2017-02-08 10:07:52] URI: messages/interact
 [2017-02-08 10:07:52] Post Data: Array
(
    [token] => y1JBu8TDsMZ3Cy4Bz4l7ro4p8KclDcQ2TZ3DWMGFZf9bU2cKvEGdt0IqJlSMEiEY
)

 [2017-02-08 10:12:58] URI: product/plist
 [2017-02-08 10:12:58] Post Data: Array
(
    [terminalNo] => 1
    [language] => ZH
    [token] => HjtP1FiDgZsw2O3SyCw2axjNYwDihyqGh78meAJ5t6v9xExz2orRcRf1EiZlWGs5
)

 [2017-02-08 10:12:58] URI: messages/interact
 [2017-02-08 10:12:58] Post Data: Array
(
    [token] => y1JBu8TDsMZ3Cy4Bz4l7ro4p8KclDcQ2TZ3DWMGFZf9bU2cKvEGdt0IqJlSMEiEY
)

 [2017-02-08 10:13:20] URI: product/plist
 [2017-02-08 10:13:20] Post Data: Array
(
    [terminalNo] => 1
    [language] => ZH
    [token] => HjtP1FiDgZsw2O3SyCw2axjNYwDihyqGh78meAJ5t6v9xExz2orRcRf1EiZlWGs51
)

 [2017-02-08 10:13:20] URI: messages/interact
 [2017-02-08 10:13:20] Post Data: Array
(
    [token] => y1JBu8TDsMZ3Cy4Bz4l7ro4p8KclDcQ2TZ3DWMGFZf9bU2cKvEGdt0IqJlSMEiEY
)

 [2017-02-08 10:49:37] URI: product/plist
 [2017-02-08 10:49:37] Post Data: Array
(
    [terminalNo] => 1
    [language] => ZH
    [token] => HjtP1FiDgZsw2O3SyCw2axjNYwDihyqGh78meAJ5t6v9xExz2orRcRf1EiZlWGs51
)

 [2017-02-08 10:49:37] URI: messages/interact
 [2017-02-08 10:49:37] Post Data: Array
(
    [token] => y1JBu8TDsMZ3Cy4Bz4l7ro4p8KclDcQ2TZ3DWMGFZf9bU2cKvEGdt0IqJlSMEiEY
)

 [2017-02-08 10:50:02] URI: product/plist
 [2017-02-08 10:50:02] Post Data: Array
(
    [terminalNo] => 1
    [language] => ZH
    [token] => HjtP1FiDgZsw2O3SyCw2axjNYwDihyqGh78meAJ5t6v9xExz2orRcRf1EiZlWGs5
)

 [2017-02-08 10:50:02] URI: messages/interact
 [2017-02-08 10:50:02] Post Data: Array
(
    [token] => y1JBu8TDsMZ3Cy4Bz4l7ro4p8KclDcQ2TZ3DWMGFZf9bU2cKvEGdt0IqJlSMEiEY
)

 [2017-02-08 10:52:20] URI: product/plist
 [2017-02-08 10:52:20] Post Data: Array
(
    [terminalNo] => 1
    [language] => ZH
    [token] => HjtP1FiDgZsw2O3SyCw2axjNYwDihyqGh78meAJ5t6v9xExz2orRcRf1EiZlWGs5
)

 [2017-02-08 10:52:20] URI: messages/interact
 [2017-02-08 10:52:20] Post Data: Array
(
    [token] => y1JBu8TDsMZ3Cy4Bz4l7ro4p8KclDcQ2TZ3DWMGFZf9bU2cKvEGdt0IqJlSMEiEY
)

 [2017-02-08 11:04:59] URI: product/plist
 [2017-02-08 11:04:59] Post Data: Array
(
    [terminalNo] => 1
    [language] => ZH
    [token] => HjtP1FiDgZsw2O3SyCw2axjNYwDihyqGh78meAJ5t6v9xExz2orRcRf1EiZlWGs5
)

 [2017-02-08 11:04:59] URI: messages/interact
 [2017-02-08 11:04:59] Post Data: Array
(
    [token] => y1JBu8TDsMZ3Cy4Bz4l7ro4p8KclDcQ2TZ3DWMGFZf9bU2cKvEGdt0IqJlSMEiEY
)

 [2017-02-08 11:11:49] URI: product/plist
 [2017-02-08 11:11:49] Post Data: Array
(
    [terminalNo] => 1
    [language] => ZH
    [token] => HjtP1FiDgZsw2O3SyCw2axjNYwDihyqGh78meAJ5t6v9xExz2orRcRf1EiZlWGs5
)

 [2017-02-08 11:11:49] URI: messages/interact
 [2017-02-08 11:11:49] Post Data: Array
(
    [token] => y1JBu8TDsMZ3Cy4Bz4l7ro4p8KclDcQ2TZ3DWMGFZf9bU2cKvEGdt0IqJlSMEiEY
)

 [2017-02-08 11:12:05] URI: product/plist
 [2017-02-08 11:12:05] Post Data: Array
(
    [terminalNo] => 1
    [language] => ZH
    [token] => HjtP1FiDgZsw2O3SyCw2axjNYwDihyqGh78meAJ5t6v9xExz2orRcRf1EiZlWGs5
)

 [2017-02-08 11:12:05] URI: messages/interact
 [2017-02-08 11:12:05] Post Data: Array
(
    [token] => y1JBu8TDsMZ3Cy4Bz4l7ro4p8KclDcQ2TZ3DWMGFZf9bU2cKvEGdt0IqJlSMEiEY
)

 [2017-02-08 11:16:47] URI: product/ChildList
 [2017-02-08 11:16:47] Post Data: Array
(
    [terminalNo] => 1
    [language] => ZH
    [token] => HjtP1FiDgZsw2O3SyCw2axjNYwDihyqGh78meAJ5t6v9xExz2orRcRf1EiZlWGs5
    [id] => 29
)

 [2017-02-08 11:16:47] URI: messages/interact
 [2017-02-08 11:16:47] Post Data: Array
(
    [token] => y1JBu8TDsMZ3Cy4Bz4l7ro4p8KclDcQ2TZ3DWMGFZf9bU2cKvEGdt0IqJlSMEiEY
)

 [2017-02-08 11:21:18] URI: product/ChildList
 [2017-02-08 11:21:18] Post Data: Array
(
    [terminalNo] => 1
    [language] => ZH
    [token] => HjtP1FiDgZsw2O3SyCw2axjNYwDihyqGh78meAJ5t6v9xExz2orRcRf1EiZlWGs5
    [id] => 29
)

 [2017-02-08 11:21:18] URI: messages/interact
 [2017-02-08 11:21:18] Post Data: Array
(
    [token] => y1JBu8TDsMZ3Cy4Bz4l7ro4p8KclDcQ2TZ3DWMGFZf9bU2cKvEGdt0IqJlSMEiEY
)

 [2017-02-08 11:21:32] URI: product/ChildList
 [2017-02-08 11:21:32] Post Data: Array
(
    [terminalNo] => 1
    [language] => ZH
    [token] => HjtP1FiDgZsw2O3SyCw2axjNYwDihyqGh78meAJ5t6v9xExz2orRcRf1EiZlWGs5
    [ids] => 29
)

 [2017-02-08 11:21:32] URI: messages/interact
 [2017-02-08 11:21:32] Post Data: Array
(
    [token] => y1JBu8TDsMZ3Cy4Bz4l7ro4p8KclDcQ2TZ3DWMGFZf9bU2cKvEGdt0IqJlSMEiEY
)

 [2017-02-08 11:22:17] URI: product/ChildList
 [2017-02-08 11:22:17] Post Data: Array
(
    [terminalNo] => 1
    [language] => ZH
    [token] => HjtP1FiDgZsw2O3SyCw2axjNYwDihyqGh78meAJ5t6v9xExz2orRcRf1EiZlWGs5
    [ids] => 29
)

 [2017-02-08 11:22:17] URI: messages/interact
 [2017-02-08 11:22:17] Post Data: Array
(
    [token] => y1JBu8TDsMZ3Cy4Bz4l7ro4p8KclDcQ2TZ3DWMGFZf9bU2cKvEGdt0IqJlSMEiEY
)

 [2017-02-08 11:59:25] URI: product/ChildList
 [2017-02-08 11:59:25] Post Data: Array
(
    [terminalNo] => 1
    [language] => ZH
    [token] => HjtP1FiDgZsw2O3SyCw2axjNYwDihyqGh78meAJ5t6v9xExz2orRcRf1EiZlWGs5
    [ids] => 29
)

 [2017-02-08 11:59:25] URI: messages/interact
 [2017-02-08 11:59:25] Post Data: Array
(
    [token] => y1JBu8TDsMZ3Cy4Bz4l7ro4p8KclDcQ2TZ3DWMGFZf9bU2cKvEGdt0IqJlSMEiEY
)

 [2017-02-08 11:59:44] URI: product/ChildList
 [2017-02-08 11:59:44] Post Data: Array
(
    [terminalNo] => 1
    [language] => ZH
    [token] => HjtP1FiDgZsw2O3SyCw2axjNYwDihyqGh78meAJ5t6v9xExz2orRcRf1EiZlWGs5
    [id] => 29
)

 [2017-02-08 11:59:44] URI: messages/interact
 [2017-02-08 11:59:44] Post Data: Array
(
    [token] => y1JBu8TDsMZ3Cy4Bz4l7ro4p8KclDcQ2TZ3DWMGFZf9bU2cKvEGdt0IqJlSMEiEY
)

 [2017-02-08 14:13:36] URI: product/ChildList
 [2017-02-08 14:13:36] Post Data: Array
(
    [terminalNo] => 1
    [language] => ZH
    [token] => HjtP1FiDgZsw2O3SyCw2axjNYwDihyqGh78meAJ5t6v9xExz2orRcRf1EiZlWGs5
    [id] => 29
)

 [2017-02-08 14:13:36] URI: messages/interact
 [2017-02-08 14:13:36] Post Data: Array
(
    [token] => y1JBu8TDsMZ3Cy4Bz4l7ro4p8KclDcQ2TZ3DWMGFZf9bU2cKvEGdt0IqJlSMEiEY
)

 [2017-02-08 14:16:32] URI: product/ChildList
 [2017-02-08 14:16:32] Post Data: Array
(
    [terminalNo] => 1
    [language] => ZH
    [token] => HjtP1FiDgZsw2O3SyCw2axjNYwDihyqGh78meAJ5t6v9xExz2orRcRf1EiZlWGs5
    [id] => 29
)

 [2017-02-08 14:16:32] URI: messages/interact
 [2017-02-08 14:16:32] Post Data: Array
(
    [token] => y1JBu8TDsMZ3Cy4Bz4l7ro4p8KclDcQ2TZ3DWMGFZf9bU2cKvEGdt0IqJlSMEiEY
)

 [2017-02-08 14:18:17] URI: product/ChildList
 [2017-02-08 14:18:17] Post Data: Array
(
    [terminalNo] => 1
    [language] => ZH
    [token] => HjtP1FiDgZsw2O3SyCw2axjNYwDihyqGh78meAJ5t6v9xExz2orRcRf1EiZlWGs5
    [id] => 29
)

 [2017-02-08 14:18:17] URI: messages/interact
 [2017-02-08 14:18:17] Post Data: Array
(
    [token] => y1JBu8TDsMZ3Cy4Bz4l7ro4p8KclDcQ2TZ3DWMGFZf9bU2cKvEGdt0IqJlSMEiEY
)

 [2017-02-08 14:18:46] URI: product/ChildList
 [2017-02-08 14:18:46] Post Data: Array
(
    [terminalNo] => 1
    [language] => ZH
    [token] => HjtP1FiDgZsw2O3SyCw2axjNYwDihyqGh78meAJ5t6v9xExz2orRcRf1EiZlWGs5
    [id] => 29
)

 [2017-02-08 14:18:46] URI: messages/interact
 [2017-02-08 14:18:46] Post Data: Array
(
    [token] => y1JBu8TDsMZ3Cy4Bz4l7ro4p8KclDcQ2TZ3DWMGFZf9bU2cKvEGdt0IqJlSMEiEY
)

 [2017-02-08 14:19:44] URI: product/ChildList
 [2017-02-08 14:19:44] Post Data: Array
(
    [terminalNo] => 1
    [language] => ZH
    [token] => HjtP1FiDgZsw2O3SyCw2axjNYwDihyqGh78meAJ5t6v9xExz2orRcRf1EiZlWGs5
    [id] => 29
)

 [2017-02-08 14:19:44] URI: messages/interact
 [2017-02-08 14:19:44] Post Data: Array
(
    [token] => y1JBu8TDsMZ3Cy4Bz4l7ro4p8KclDcQ2TZ3DWMGFZf9bU2cKvEGdt0IqJlSMEiEY
)
