
 [2017-02-14 10:39:41] URI: news/nlist
 [2017-02-14 10:39:41] URI: messages/interact
 [2017-02-14 10:39:41] Post Data: Array
(
    [token] => Z4FSCeuxOnEq9lUe1vVNn8jFEp7jaz0T6RWZCJopOVnzpIpad4DbcIfIFcrfSrzN
    [terminalNo] => 2
    [language] => ZH
)

 [2017-02-14 10:39:41] Post Data: Array
(
    [token] => y1JBu8TDsMZ3Cy4Bz4l7ro4p8KclDcQ2TZ3DWMGFZf9bU2cKvEGdt0IqJlSMEiEY
)

 [2017-02-14 10:39:53] URI: news/nlist
 [2017-02-14 10:39:53] Post Data: Array
(
    [token] => Z4FSCeuxOnEq9lUe1vVNn8jFEp7jaz0T6RWZCJopOVnzpIpad4DbcIfIFcrfSrzN
    [terminalNo] => 2
    [language] => ZH
)

 [2017-02-14 10:39:53] URI: messages/interact
 [2017-02-14 10:39:53] Post Data: Array
(
    [token] => y1JBu8TDsMZ3Cy4Bz4l7ro4p8KclDcQ2TZ3DWMGFZf9bU2cKvEGdt0IqJlSMEiEY
)

 [2017-02-14 10:45:28] URI: news/browse
 [2017-02-14 10:45:28] Post Data: Array
(
    [token] => Z4FSCeuxOnEq9lUe1vVNn8jFEp7jaz0T6RWZCJopOVnzpIpad4DbcIfIFcrfSrzN
    [terminalNo] => 2
    [language] => ZH
    [id] => 1
)

 [2017-02-14 10:45:28] URI: messages/interact
 [2017-02-14 10:45:28] Post Data: Array
(
    [token] => y1JBu8TDsMZ3Cy4Bz4l7ro4p8KclDcQ2TZ3DWMGFZf9bU2cKvEGdt0IqJlSMEiEY
)

 [2017-02-14 10:45:52] URI: messages/interact
 [2017-02-14 10:45:52] Post Data: Array
(
    [token] => y1JBu8TDsMZ3Cy4Bz4l7ro4p8KclDcQ2TZ3DWMGFZf9bU2cKvEGdt0IqJlSMEiEY
)

 [2017-02-14 10:45:52] URI: news/browse
 [2017-02-14 10:45:52] Post Data: Array
(
    [token] => Z4FSCeuxOnEq9lUe1vVNn8jFEp7jaz0T6RWZCJopOVnzpIpad4DbcIfIFcrfSrzN
    [terminalNo] => 2
    [language] => ZH
    [id] => 1
)

 [2017-02-14 10:57:40] URI: messages/interact
 [2017-02-14 10:57:40] Post Data: Array
(
    [token] => y1JBu8TDsMZ3Cy4Bz4l7ro4p8KclDcQ2TZ3DWMGFZf9bU2cKvEGdt0IqJlSMEiEY
)

 [2017-02-14 10:57:44] URI: videos/ListClass
 [2017-02-14 10:57:44] Post Data: Array
(
    [token] => Z4FSCeuxOnEq9lUe1vVNn8jFEp7jaz0T6RWZCJopOVnzpIpad4DbcIfIFcrfSrzN
    [terminalNo] => 1
    [language] => ZH
)

 [2017-02-14 10:57:44] URI: messages/interact
 [2017-02-14 10:57:44] Post Data: Array
(
    [token] => y1JBu8TDsMZ3Cy4Bz4l7ro4p8KclDcQ2TZ3DWMGFZf9bU2cKvEGdt0IqJlSMEiEY
)

 [2017-02-14 10:58:05] URI: videos/ListClass
 [2017-02-14 10:58:05] Post Data: Array
(
    [token] => Z4FSCeuxOnEq9lUe1vVNn8jFEp7jaz0T6RWZCJopOVnzpIpad4DbcIfIFcrfSrzN
    [terminalNo] => 1
    [language] => ZH
)

 [2017-02-14 10:58:05] URI: messages/interact
 [2017-02-14 10:58:05] Post Data: Array
(
    [token] => y1JBu8TDsMZ3Cy4Bz4l7ro4p8KclDcQ2TZ3DWMGFZf9bU2cKvEGdt0IqJlSMEiEY
)

 [2017-02-14 10:59:27] URI: videos/ChildList
 [2017-02-14 10:59:27] Post Data: Array
(
    [token] => Z4FSCeuxOnEq9lUe1vVNn8jFEp7jaz0T6RWZCJopOVnzpIpad4DbcIfIFcrfSrzN
    [terminalNo] => 1
    [language] => ZH
    [id] => 1
)

 [2017-02-14 10:59:27] URI: messages/interact
 [2017-02-14 10:59:27] Post Data: Array
(
    [token] => y1JBu8TDsMZ3Cy4Bz4l7ro4p8KclDcQ2TZ3DWMGFZf9bU2cKvEGdt0IqJlSMEiEY
)

 [2017-02-14 11:00:07] URI: videos/ChildList
 [2017-02-14 11:00:07] Post Data: Array
(
    [token] => Z4FSCeuxOnEq9lUe1vVNn8jFEp7jaz0T6RWZCJopOVnzpIpad4DbcIfIFcrfSrzN
    [terminalNo] => 1
    [language] => ZH
    [id] => 1
)

 [2017-02-14 11:00:07] URI: messages/interact
 [2017-02-14 11:00:07] Post Data: Array
(
    [token] => y1JBu8TDsMZ3Cy4Bz4l7ro4p8KclDcQ2TZ3DWMGFZf9bU2cKvEGdt0IqJlSMEiEY
)

 [2017-02-14 11:06:53] URI: videos/ChildList
 [2017-02-14 11:06:53] Post Data: Array
(
    [token] => Z4FSCeuxOnEq9lUe1vVNn8jFEp7jaz0T6RWZCJopOVnzpIpad4DbcIfIFcrfSrzN
    [terminalNo] => 1
    [language] => ZH
    [id] => 1
)

 [2017-02-14 11:06:53] URI: messages/interact
 [2017-02-14 11:06:53] Post Data: Array
(
    [token] => y1JBu8TDsMZ3Cy4Bz4l7ro4p8KclDcQ2TZ3DWMGFZf9bU2cKvEGdt0IqJlSMEiEY
)

 [2017-02-14 11:08:16] URI: videos/browse
 [2017-02-14 11:08:16] Post Data: Array
(
    [token] => Z4FSCeuxOnEq9lUe1vVNn8jFEp7jaz0T6RWZCJopOVnzpIpad4DbcIfIFcrfSrzN
    [terminalNo] => 1
    [language] => ZH
    [id] => 1
)

 [2017-02-14 11:08:16] URI: messages/interact
 [2017-02-14 11:08:16] Post Data: Array
(
    [token] => y1JBu8TDsMZ3Cy4Bz4l7ro4p8KclDcQ2TZ3DWMGFZf9bU2cKvEGdt0IqJlSMEiEY
)

 [2017-02-14 11:08:45] URI: videos/browse
 [2017-02-14 11:08:45] Post Data: Array
(
    [token] => Z4FSCeuxOnEq9lUe1vVNn8jFEp7jaz0T6RWZCJopOVnzpIpad4DbcIfIFcrfSrzN
    [terminalNo] => 1
    [language] => ZH
    [id] => 1
)

 [2017-02-14 11:08:45] URI: messages/interact
 [2017-02-14 11:08:45] Post Data: Array
(
    [token] => y1JBu8TDsMZ3Cy4Bz4l7ro4p8KclDcQ2TZ3DWMGFZf9bU2cKvEGdt0IqJlSMEiEY
)

 [2017-02-14 11:10:57] URI: videos/browse
 [2017-02-14 11:10:57] Post Data: Array
(
    [token] => Z4FSCeuxOnEq9lUe1vVNn8jFEp7jaz0T6RWZCJopOVnzpIpad4DbcIfIFcrfSrzN
    [terminalNo] => 1
    [language] => ZH
    [id] => 1
)

 [2017-02-14 11:10:57] URI: messages/interact
 [2017-02-14 11:10:57] Post Data: Array
(
    [token] => y1JBu8TDsMZ3Cy4Bz4l7ro4p8KclDcQ2TZ3DWMGFZf9bU2cKvEGdt0IqJlSMEiEY
)

 [2017-02-14 11:12:36] URI: messages/interact
 [2017-02-14 11:12:36] Post Data: Array
(
    [token] => y1JBu8TDsMZ3Cy4Bz4l7ro4p8KclDcQ2TZ3DWMGFZf9bU2cKvEGdt0IqJlSMEiEY
)

 [2017-02-14 11:12:36] URI: videos/browse
 [2017-02-14 11:12:36] Post Data: Array
(
    [token] => Z4FSCeuxOnEq9lUe1vVNn8jFEp7jaz0T6RWZCJopOVnzpIpad4DbcIfIFcrfSrzN
    [terminalNo] => 1
    [language] => ZH
    [id] => 1
)

 [2017-02-14 11:13:29] URI: videos/browse
 [2017-02-14 11:13:29] Post Data: Array
(
    [token] => Z4FSCeuxOnEq9lUe1vVNn8jFEp7jaz0T6RWZCJopOVnzpIpad4DbcIfIFcrfSrzN
    [terminalNo] => 1
    [language] => ZH
    [id] => 1
)

 [2017-02-14 11:13:29] URI: messages/interact
 [2017-02-14 11:13:29] Post Data: Array
(
    [token] => y1JBu8TDsMZ3Cy4Bz4l7ro4p8KclDcQ2TZ3DWMGFZf9bU2cKvEGdt0IqJlSMEiEY
)

 [2017-02-14 11:14:26] URI: videos/browse
 [2017-02-14 11:14:26] Post Data: Array
(
    [token] => Z4FSCeuxOnEq9lUe1vVNn8jFEp7jaz0T6RWZCJopOVnzpIpad4DbcIfIFcrfSrzN
    [terminalNo] => 1
    [language] => ZH
    [id] => 1
)

 [2017-02-14 11:14:26] URI: messages/interact
 [2017-02-14 11:14:26] Post Data: Array
(
    [token] => y1JBu8TDsMZ3Cy4Bz4l7ro4p8KclDcQ2TZ3DWMGFZf9bU2cKvEGdt0IqJlSMEiEY
)
