
 [2017-03-13 09:35:03] URI: product/ChildList
 [2017-03-13 09:35:03] Post Data: Array
(
    [terminalNo] => 1
    [language] => ZH
    [token] => HjtP1FiDgZsw2O3SyCw2axjNYwDihyqGh78meAJ5t6v9xExz2orRcRf1EiZlWGs5
)

 [2017-03-13 09:35:04] URI: messages/interact
 [2017-03-13 09:35:04] Post Data: Array
(
    [token] => y1JBu8TDsMZ3Cy4Bz4l7ro4p8KclDcQ2TZ3DWMGFZf9bU2cKvEGdt0IqJlSMEiEY
)

 [2017-03-13 09:35:58] URI: product/ChildList
 [2017-03-13 09:35:58] Post Data: Array
(
    [terminalNo] => 1
    [language] => ZH
    [token] => HjtP1FiDgZsw2O3SyCw2axjNYwDihyqGh78meAJ5t6v9xExz2orRcRf1EiZlWGs5
    [id] => 42
)

 [2017-03-13 09:35:58] URI: messages/interact
 [2017-03-13 09:35:58] Post Data: Array
(
    [token] => y1JBu8TDsMZ3Cy4Bz4l7ro4p8KclDcQ2TZ3DWMGFZf9bU2cKvEGdt0IqJlSMEiEY
)
