
 [2017-02-04 09:59:50] URI: other/mlanguage
 [2017-02-04 09:59:50] Post Data: Array
(
    [terminalNo] => 1
)

 [2017-02-04 09:59:50] URI: messages/interact
 [2017-02-04 09:59:50] Post Data: Array
(
    [token] => y1JBu8TDsMZ3Cy4Bz4l7ro4p8KclDcQ2TZ3DWMGFZf9bU2cKvEGdt0IqJlSMEiEY
)

 [2017-02-04 10:07:35] URI: other/mlanguage
 [2017-02-04 10:07:35] Post Data: Array
(
    [terminalNo] => 1
)

 [2017-02-04 10:07:35] URI: messages/interact
 [2017-02-04 10:07:35] Post Data: Array
(
    [token] => y1JBu8TDsMZ3Cy4Bz4l7ro4p8KclDcQ2TZ3DWMGFZf9bU2cKvEGdt0IqJlSMEiEY
)

 [2017-02-04 10:08:02] URI: other/language
 [2017-02-04 10:08:02] Post Data: Array
(
    [terminalNo] => 1
)

 [2017-02-04 10:08:02] URI: messages/interact
 [2017-02-04 10:08:02] Post Data: Array
(
    [token] => y1JBu8TDsMZ3Cy4Bz4l7ro4p8KclDcQ2TZ3DWMGFZf9bU2cKvEGdt0IqJlSMEiEY
)

 [2017-02-04 10:08:17] URI: other/language
 [2017-02-04 10:08:17] Post Data: 
 [2017-02-04 10:08:17] URI: messages/interact
 [2017-02-04 10:08:17] Post Data: Array
(
    [token] => y1JBu8TDsMZ3Cy4Bz4l7ro4p8KclDcQ2TZ3DWMGFZf9bU2cKvEGdt0IqJlSMEiEY
)

 [2017-02-04 10:14:15] URI: other/language
 [2017-02-04 10:14:15] Post Data: Array
(
    [terminalNo] => 1
)

 [2017-02-04 10:14:15] URI: messages/interact
 [2017-02-04 10:14:15] Post Data: Array
(
    [token] => y1JBu8TDsMZ3Cy4Bz4l7ro4p8KclDcQ2TZ3DWMGFZf9bU2cKvEGdt0IqJlSMEiEY
)

 [2017-02-04 10:14:33] URI: messages/interact
 [2017-02-04 10:14:33] Post Data: Array
(
    [token] => y1JBu8TDsMZ3Cy4Bz4l7ro4p8KclDcQ2TZ3DWMGFZf9bU2cKvEGdt0IqJlSMEiEY
)

 [2017-02-04 10:14:33] URI: other/language
 [2017-02-04 10:14:33] Post Data: Array
(
    [terminalNo] => 1
)

 [2017-02-04 10:15:00] URI: other/language
 [2017-02-04 10:15:00] Post Data: Array
(
    [terminalNo] => 1
)

 [2017-02-04 10:15:00] URI: messages/interact
 [2017-02-04 10:15:00] Post Data: Array
(
    [token] => y1JBu8TDsMZ3Cy4Bz4l7ro4p8KclDcQ2TZ3DWMGFZf9bU2cKvEGdt0IqJlSMEiEY
)

 [2017-02-04 10:15:17] URI: other/language
 [2017-02-04 10:15:17] Post Data: Array
(
    [terminalNo] => 1
)

 [2017-02-04 10:15:17] URI: messages/interact
 [2017-02-04 10:15:17] Post Data: Array
(
    [token] => y1JBu8TDsMZ3Cy4Bz4l7ro4p8KclDcQ2TZ3DWMGFZf9bU2cKvEGdt0IqJlSMEiEY
)

 [2017-02-04 10:16:26] URI: other/language
 [2017-02-04 10:16:26] Post Data: Array
(
    [terminalNo] => 1
)

 [2017-02-04 10:16:26] URI: messages/interact
 [2017-02-04 10:16:26] Post Data: Array
(
    [token] => y1JBu8TDsMZ3Cy4Bz4l7ro4p8KclDcQ2TZ3DWMGFZf9bU2cKvEGdt0IqJlSMEiEY
)

 [2017-02-04 10:16:45] URI: other/language
 [2017-02-04 10:16:45] Post Data: Array
(
    [terminalNo] => 1
)

 [2017-02-04 10:16:45] URI: messages/interact
 [2017-02-04 10:16:45] Post Data: Array
(
    [token] => y1JBu8TDsMZ3Cy4Bz4l7ro4p8KclDcQ2TZ3DWMGFZf9bU2cKvEGdt0IqJlSMEiEY
)
