
 [2017-01-18 17:41:15] UPLOAD: start ------------->
 [2017-01-18 17:41:15] UPLOAD: $post_data ------------->:Array
(
    [nickname] => 123
    [token] => HjtP1FiDgZsw2O3SyCw2axjNYwDihyqGh78meAJ5t6v9xExz2orRcRf1EiZlWGs5
    [terminalNo] => 0
)

 [2017-01-18 17:42:04] UPLOAD: start ------------->
 [2017-01-18 17:42:04] UPLOAD: $post_data ------------->:Array
(
    [nickname] => 123
    [token] => HjtP1FiDgZsw2O3SyCw2axjNYwDihyqGh78meAJ5t6v9xExz2orRcRf1EiZlWGs5
    [terminalNo] => 0
)

 [2017-01-18 17:42:22] UPLOAD: start ------------->
 [2017-01-18 17:42:22] UPLOAD: $post_data ------------->:
 [2017-01-18 17:44:35] UPLOAD: start ------------->
 [2017-01-18 17:44:35] UPLOAD: $post_data ------------->:
 [2017-01-18 17:44:35] UPLOAD: $data ------------->:Array
(
    [upload_data] => Array
        (
            [file_name] => 20170118174435Yvjq524.png
            [file_type] => image/png
            [file_path] => /home/zzw/webserver/bocai/keruiapp/web/upload/2017/01/18/
            [full_path] => /home/zzw/webserver/bocai/keruiapp/web/upload/2017/01/18/20170118174435Yvjq524.png
            [raw_name] => 20170118174435Yvjq524
            [orig_name] => 20170118174435Yvjq524.png
            [client_name] => ????????.png
            [file_ext] => .png
            [file_size] => 183.39
            [is_image] => 1
            [image_width] => 1240
            [image_height] => 1754
            [image_type] => png
            [image_size_str] => width="1240" height="1754"
        )

)

 [2017-01-18 17:44:35] UPLOAD: $files ------------->:Array
(
    [name] => 20170118174435Yvjq524.png
    [size] => 183.39
    [type] => image/png
    [upload_path] => /home/zzw/webserver/bocai/keruiapp/web/upload/2017/01/18/
    [url] => 2017/01/18/20170118174435Yvjq524.png
    [thumbnailUrl] => 2017/01/18/thumbnail/20170118174435Yvjq524.png
    [timeline] => 1484732675
)

 [2017-01-18 17:46:09] UPLOAD: start ------------->
 [2017-01-18 17:46:09] UPLOAD: $post_data ------------->:Array
(
    [nickname] => 123
    [photo] => 295
    [token] => HjtP1FiDgZsw2O3SyCw2axjNYwDihyqGh78meAJ5t6v9xExz2orRcRf1EiZlWGs5
)
